<?xml version="1.0" encoding="UTF-8"?>
<testsuites name="jest tests" tests="12" failures="0" errors="0" time="1.813">
  <testsuite name="Random key cipher" errors="0" failures="0" skipped="0" timestamp="2023-06-15T14:33:02" time="1.651" tests="12">
    <testcase classname="Random key cipher can encode" name="Random key cipher can encode" time="0.004">
    </testcase>
    <testcase classname="Random key cipher can decode" name="Random key cipher can decode" time="0.001">
    </testcase>
    <testcase classname="Random key cipher is reversible" name="Random key cipher is reversible" time="0.001">
    </testcase>
    <testcase classname="Random key cipher key is made only of lowercase letters" name="Random key cipher key is made only of lowercase letters" time="0.001">
    </testcase>
    <testcase classname="Substitution cipher can encode" name="Substitution cipher can encode" time="0">
    </testcase>
    <testcase classname="Substitution cipher can decode" name="Substitution cipher can decode" time="0">
    </testcase>
    <testcase classname="Substitution cipher is reversible" name="Substitution cipher is reversible" time="0">
    </testcase>
    <testcase classname="Substitution cipher can double shift encode" name="Substitution cipher can double shift encode" time="0">
    </testcase>
    <testcase classname="Substitution cipher can wrap on encode" name="Substitution cipher can wrap on encode" time="0">
    </testcase>
    <testcase classname="Substitution cipher can wrap on decode" name="Substitution cipher can wrap on decode" time="0.004">
    </testcase>
    <testcase classname="Substitution cipher can encode messages longer than the key" name="Substitution cipher can encode messages longer than the key" time="0.001">
    </testcase>
    <testcase classname="Substitution cipher can decode messages longer than the key" name="Substitution cipher can decode messages longer than the key" time="0.001">
    </testcase>
  </testsuite>
</testsuites>